<?xml version="1.0" encoding="UTF-8"?>
<testsuite name="com.kimtaehyun84.springboot_webservice.web.HelloControllerTest" tests="2" skipped="0" failures="0" errors="0" timestamp="2021-02-24T07:15:30" hostname="monimanagerui-MacBookPro.local" time="0.034">
  <properties/>
  <testcase name="returnHelloDto" classname="com.kimtaehyun84.springboot_webservice.web.HelloControllerTest" time="0.029"/>
  <testcase name="returnHello" classname="com.kimtaehyun84.springboot_webservice.web.HelloControllerTest" time="0.005"/>
  <system-out><![CDATA[2021-02-24 16:15:14.812  INFO 69891 --- [    Test worker] .b.t.a.w.s.WebMvcTestContextBootstrapper : Neither @ContextConfiguration nor @ContextHierarchy found for test class [com.kimtaehyun84.springboot_webservice.web.HelloControllerTest], using SpringBootContextLoader
2021-02-24 16:15:14.812  INFO 69891 --- [    Test worker] o.s.t.c.support.AbstractContextLoader    : Could not detect default resource locations for test class [com.kimtaehyun84.springboot_webservice.web.HelloControllerTest]: no resource found for suffixes {-context.xml, Context.groovy}.
2021-02-24 16:15:14.813  INFO 69891 --- [    Test worker] t.c.s.AnnotationConfigContextLoaderUtils : Could not detect default configuration classes for test class [com.kimtaehyun84.springboot_webservice.web.HelloControllerTest]: HelloControllerTest does not declare any static, non-private, non-final, nested classes annotated with @Configuration.
2021-02-24 16:15:14.825  INFO 69891 --- [    Test worker] .b.t.c.SpringBootTestContextBootstrapper : Found @SpringBootConfiguration com.kimtaehyun84.springboot_webservice.Application for test class com.kimtaehyun84.springboot_webservice.web.HelloControllerTest
2021-02-24 16:15:14.825  INFO 69891 --- [    Test worker] .b.t.a.w.s.WebMvcTestContextBootstrapper : Loaded default TestExecutionListener class names from location [META-INF/spring.factories]: [org.springframework.security.test.context.support.WithSecurityContextTestExecutionListener, org.springframework.security.test.context.support.ReactorContextTestExecutionListener, org.springframework.boot.test.autoconfigure.restdocs.RestDocsTestExecutionListener, org.springframework.boot.test.autoconfigure.web.client.MockRestServiceServerResetTestExecutionListener, org.springframework.boot.test.autoconfigure.web.servlet.MockMvcPrintOnlyOnFailureTestExecutionListener, org.springframework.boot.test.autoconfigure.web.servlet.WebDriverTestExecutionListener, org.springframework.boot.test.mock.mockito.MockitoTestExecutionListener, org.springframework.boot.test.mock.mockito.ResetMocksTestExecutionListener, org.springframework.test.context.web.ServletTestExecutionListener, org.springframework.test.context.support.DirtiesContextBeforeModesTestExecutionListener, org.springframework.test.context.support.DependencyInjectionTestExecutionListener, org.springframework.test.context.support.DirtiesContextTestExecutionListener, org.springframework.test.context.transaction.TransactionalTestExecutionListener, org.springframework.test.context.jdbc.SqlScriptsTestExecutionListener]
2021-02-24 16:15:14.826  INFO 69891 --- [    Test worker] .b.t.a.w.s.WebMvcTestContextBootstrapper : Using TestExecutionListeners: [org.springframework.test.context.web.ServletTestExecutionListener@2b9aa66a, org.springframework.test.context.support.DirtiesContextBeforeModesTestExecutionListener@547e6d06, org.springframework.boot.test.mock.mockito.MockitoTestExecutionListener@3b2d2133, org.springframework.boot.test.autoconfigure.SpringBootDependencyInjectionTestExecutionListener@657195c6, org.springframework.test.context.support.DirtiesContextTestExecutionListener@1b26d6f4, org.springframework.test.context.transaction.TransactionalTestExecutionListener@3c979ecb, org.springframework.test.context.jdbc.SqlScriptsTestExecutionListener@6e6114d3, org.springframework.security.test.context.support.WithSecurityContextTestExecutionListener@7d7637c, org.springframework.security.test.context.support.ReactorContextTestExecutionListener@2a6b8404, org.springframework.boot.test.autoconfigure.restdocs.RestDocsTestExecutionListener@2a0a2644, org.springframework.boot.test.autoconfigure.web.client.MockRestServiceServerResetTestExecutionListener@4cab685a, org.springframework.boot.test.autoconfigure.web.servlet.MockMvcPrintOnlyOnFailureTestExecutionListener@70db2e30, org.springframework.boot.test.autoconfigure.web.servlet.WebDriverTestExecutionListener@6e6df8b, org.springframework.boot.test.mock.mockito.ResetMocksTestExecutionListener@7da5f115]

  .   ____          _            __ _ _
 /\\ / ___'_ __ _ _(_)_ __  __ _ \ \ \ \
( ( )\___ | '_ | '_| | '_ \/ _` | \ \ \ \
 \\/  ___)| |_)| | | | | || (_| |  ) ) ) )
  '  |____| .__|_| |_|_| |_\__, | / / / /
 =========|_|==============|___/=/_/_/_/
 :: Spring Boot ::        (v2.1.7.RELEASE)

2021-02-24 16:15:29.870  INFO 69891 --- [    Test worker] c.k.s.web.HelloControllerTest            : Starting HelloControllerTest on monimanagerui-MacBookPro.local with PID 69891 (started by monimanager in /Users/monimanager/programming/dev/springboot_webservice)
2021-02-24 16:15:29.871  INFO 69891 --- [    Test worker] c.k.s.web.HelloControllerTest            : The following profiles are active: oauth
2021-02-24 16:15:30.153  INFO 69891 --- [    Test worker] o.s.s.concurrent.ThreadPoolTaskExecutor  : Initializing ExecutorService 'applicationTaskExecutor'
2021-02-24 16:15:30.174  INFO 69891 --- [    Test worker] o.s.b.a.w.s.WelcomePageHandlerMapping    : Adding welcome page template: index
2021-02-24 16:15:30.291  INFO 69891 --- [    Test worker] .s.s.UserDetailsServiceAutoConfiguration : 

Using generated security password: f63c9d89-4a7c-4967-86c4-f7e43855c40a

2021-02-24 16:15:30.369  INFO 69891 --- [    Test worker] o.s.s.web.DefaultSecurityFilterChain     : Creating filter chain: any request, [org.springframework.security.web.context.request.async.WebAsyncManagerIntegrationFilter@2d56b89, org.springframework.security.web.context.SecurityContextPersistenceFilter@79961843, org.springframework.security.web.header.HeaderWriterFilter@103d7a5d, org.springframework.security.web.csrf.CsrfFilter@193bc15f, org.springframework.security.web.authentication.logout.LogoutFilter@21987aeb, org.springframework.security.web.authentication.UsernamePasswordAuthenticationFilter@57a5f8f8, org.springframework.security.web.authentication.ui.DefaultLoginPageGeneratingFilter@3060a2d6, org.springframework.security.web.authentication.ui.DefaultLogoutPageGeneratingFilter@160bdfee, org.springframework.security.web.authentication.www.BasicAuthenticationFilter@71750b46, org.springframework.security.web.savedrequest.RequestCacheAwareFilter@47329ad7, org.springframework.security.web.servletapi.SecurityContextHolderAwareRequestFilter@3ca6fffe, org.springframework.security.web.authentication.AnonymousAuthenticationFilter@4f7dd952, org.springframework.security.web.session.SessionManagementFilter@57cb603c, org.springframework.security.web.access.ExceptionTranslationFilter@26e31f31, org.springframework.security.web.access.intercept.FilterSecurityInterceptor@1b620a62]
2021-02-24 16:15:30.379  INFO 69891 --- [    Test worker] o.s.b.t.m.w.SpringBootMockServletContext : Initializing Spring TestDispatcherServlet ''
2021-02-24 16:15:30.379  INFO 69891 --- [    Test worker] o.s.t.web.servlet.TestDispatcherServlet  : Initializing Servlet ''
2021-02-24 16:15:30.380  INFO 69891 --- [    Test worker] o.s.t.web.servlet.TestDispatcherServlet  : Completed initialization in 1 ms
2021-02-24 16:15:30.398  INFO 69891 --- [    Test worker] c.k.s.web.HelloControllerTest            : Started HelloControllerTest in 15.568 seconds (JVM running for 36.526)
]]></system-out>
  <system-err><![CDATA[]]></system-err>
</testsuite>
