<?xml version="1.0" encoding="UTF-8"?>
<testsuite name="com.kimtaehyun84.springboot_webservice.web.IndexControllerTest" tests="1" skipped="0" failures="0" errors="0" timestamp="2021-02-24T07:15:30" hostname="monimanagerui-MacBookPro.local" time="0.126">
  <properties/>
  <testcase name="loadMainPage" classname="com.kimtaehyun84.springboot_webservice.web.IndexControllerTest" time="0.126"/>
  <system-out><![CDATA[2021-02-24 16:15:30.436  INFO 69891 --- [    Test worker] .b.t.c.SpringBootTestContextBootstrapper : Neither @ContextConfiguration nor @ContextHierarchy found for test class [com.kimtaehyun84.springboot_webservice.web.IndexControllerTest], using SpringBootContextLoader
2021-02-24 16:15:30.436  INFO 69891 --- [    Test worker] o.s.t.c.support.AbstractContextLoader    : Could not detect default resource locations for test class [com.kimtaehyun84.springboot_webservice.web.IndexControllerTest]: no resource found for suffixes {-context.xml, Context.groovy}.
2021-02-24 16:15:30.436  INFO 69891 --- [    Test worker] t.c.s.AnnotationConfigContextLoaderUtils : Could not detect default configuration classes for test class [com.kimtaehyun84.springboot_webservice.web.IndexControllerTest]: IndexControllerTest does not declare any static, non-private, non-final, nested classes annotated with @Configuration.
2021-02-24 16:15:30.437  INFO 69891 --- [    Test worker] .b.t.c.SpringBootTestContextBootstrapper : Found @SpringBootConfiguration com.kimtaehyun84.springboot_webservice.Application for test class com.kimtaehyun84.springboot_webservice.web.IndexControllerTest
2021-02-24 16:15:30.438  INFO 69891 --- [    Test worker] .b.t.c.SpringBootTestContextBootstrapper : Loaded default TestExecutionListener class names from location [META-INF/spring.factories]: [org.springframework.security.test.context.support.WithSecurityContextTestExecutionListener, org.springframework.security.test.context.support.ReactorContextTestExecutionListener, org.springframework.boot.test.autoconfigure.restdocs.RestDocsTestExecutionListener, org.springframework.boot.test.autoconfigure.web.client.MockRestServiceServerResetTestExecutionListener, org.springframework.boot.test.autoconfigure.web.servlet.MockMvcPrintOnlyOnFailureTestExecutionListener, org.springframework.boot.test.autoconfigure.web.servlet.WebDriverTestExecutionListener, org.springframework.boot.test.mock.mockito.MockitoTestExecutionListener, org.springframework.boot.test.mock.mockito.ResetMocksTestExecutionListener, org.springframework.test.context.web.ServletTestExecutionListener, org.springframework.test.context.support.DirtiesContextBeforeModesTestExecutionListener, org.springframework.test.context.support.DependencyInjectionTestExecutionListener, org.springframework.test.context.support.DirtiesContextTestExecutionListener, org.springframework.test.context.transaction.TransactionalTestExecutionListener, org.springframework.test.context.jdbc.SqlScriptsTestExecutionListener]
2021-02-24 16:15:30.439  INFO 69891 --- [    Test worker] .b.t.c.SpringBootTestContextBootstrapper : Using TestExecutionListeners: [org.springframework.test.context.web.ServletTestExecutionListener@6e5850bf, org.springframework.test.context.support.DirtiesContextBeforeModesTestExecutionListener@3f32c99f, org.springframework.boot.test.mock.mockito.MockitoTestExecutionListener@3c097773, org.springframework.boot.test.autoconfigure.SpringBootDependencyInjectionTestExecutionListener@19ebad78, org.springframework.test.context.support.DirtiesContextTestExecutionListener@351acb52, org.springframework.test.context.transaction.TransactionalTestExecutionListener@1c4d925f, org.springframework.test.context.jdbc.SqlScriptsTestExecutionListener@6b08dc4a, org.springframework.security.test.context.support.WithSecurityContextTestExecutionListener@2f4c3c3e, org.springframework.security.test.context.support.ReactorContextTestExecutionListener@4c6f32de, org.springframework.boot.test.autoconfigure.restdocs.RestDocsTestExecutionListener@3c409e66, org.springframework.boot.test.autoconfigure.web.client.MockRestServiceServerResetTestExecutionListener@1187ff28, org.springframework.boot.test.autoconfigure.web.servlet.MockMvcPrintOnlyOnFailureTestExecutionListener@5fe49cea, org.springframework.boot.test.autoconfigure.web.servlet.WebDriverTestExecutionListener@6aa8bc0a, org.springframework.boot.test.mock.mockito.ResetMocksTestExecutionListener@5223ac97]
2021-02-24 16:15:30.511  INFO 69891 --- [o-auto-1-exec-1] o.a.c.c.C.[Tomcat].[localhost].[/]       : Initializing Spring DispatcherServlet 'dispatcherServlet'
2021-02-24 16:15:30.512  INFO 69891 --- [o-auto-1-exec-1] o.s.web.servlet.DispatcherServlet        : Initializing Servlet 'dispatcherServlet'
2021-02-24 16:15:30.514  INFO 69891 --- [o-auto-1-exec-1] o.s.web.servlet.DispatcherServlet        : Completed initialization in 2 ms
Hibernate: select posts0_.id as id1_0_, posts0_.create_date as create_d2_0_, posts0_.modified_date as modified3_0_, posts0_.author as author4_0_, posts0_.content as content5_0_, posts0_.title as title6_0_ from posts posts0_ order by posts0_.id DESC
]]></system-out>
  <system-err><![CDATA[]]></system-err>
</testsuite>
