<?xml version="1.0" encoding="UTF-8"?>
<testsuite name="com.kimtaehyun84.springboot_webservice.web.PostsApiControllerTest" tests="2" skipped="0" failures="0" errors="0" timestamp="2021-02-24T07:15:14" hostname="monimanagerui-MacBookPro.local" time="0.387">
  <properties/>
  <testcase name="updatePosts" classname="com.kimtaehyun84.springboot_webservice.web.PostsApiControllerTest" time="0.369"/>
  <testcase name="savePosts" classname="com.kimtaehyun84.springboot_webservice.web.PostsApiControllerTest" time="0.016"/>
  <system-out><![CDATA[16:14:54.317 [Test worker] DEBUG org.springframework.test.context.junit4.SpringJUnit4ClassRunner - SpringJUnit4ClassRunner constructor called with [class com.kimtaehyun84.springboot_webservice.web.PostsApiControllerTest]
16:14:54.322 [Test worker] DEBUG org.springframework.test.context.BootstrapUtils - Instantiating CacheAwareContextLoaderDelegate from class [org.springframework.test.context.cache.DefaultCacheAwareContextLoaderDelegate]
16:14:54.329 [Test worker] DEBUG org.springframework.test.context.BootstrapUtils - Instantiating BootstrapContext using constructor [public org.springframework.test.context.support.DefaultBootstrapContext(java.lang.Class,org.springframework.test.context.CacheAwareContextLoaderDelegate)]
16:14:54.343 [Test worker] DEBUG org.springframework.test.context.BootstrapUtils - Instantiating TestContextBootstrapper for test class [com.kimtaehyun84.springboot_webservice.web.PostsApiControllerTest] from class [org.springframework.boot.test.context.SpringBootTestContextBootstrapper]
16:14:54.351 [Test worker] INFO org.springframework.boot.test.context.SpringBootTestContextBootstrapper - Neither @ContextConfiguration nor @ContextHierarchy found for test class [com.kimtaehyun84.springboot_webservice.web.PostsApiControllerTest], using SpringBootContextLoader
16:14:54.354 [Test worker] DEBUG org.springframework.test.context.support.AbstractContextLoader - Did not detect default resource location for test class [com.kimtaehyun84.springboot_webservice.web.PostsApiControllerTest]: class path resource [com/kimtaehyun84/springboot_webservice/web/PostsApiControllerTest-context.xml] does not exist
16:14:54.355 [Test worker] DEBUG org.springframework.test.context.support.AbstractContextLoader - Did not detect default resource location for test class [com.kimtaehyun84.springboot_webservice.web.PostsApiControllerTest]: class path resource [com/kimtaehyun84/springboot_webservice/web/PostsApiControllerTestContext.groovy] does not exist
16:14:54.355 [Test worker] INFO org.springframework.test.context.support.AbstractContextLoader - Could not detect default resource locations for test class [com.kimtaehyun84.springboot_webservice.web.PostsApiControllerTest]: no resource found for suffixes {-context.xml, Context.groovy}.
16:14:54.356 [Test worker] INFO org.springframework.test.context.support.AnnotationConfigContextLoaderUtils - Could not detect default configuration classes for test class [com.kimtaehyun84.springboot_webservice.web.PostsApiControllerTest]: PostsApiControllerTest does not declare any static, non-private, non-final, nested classes annotated with @Configuration.
16:14:54.387 [Test worker] DEBUG org.springframework.test.context.support.ActiveProfilesUtils - Could not find an 'annotation declaring class' for annotation type [org.springframework.test.context.ActiveProfiles] and class [com.kimtaehyun84.springboot_webservice.web.PostsApiControllerTest]
16:14:54.460 [Test worker] DEBUG org.springframework.context.annotation.ClassPathScanningCandidateComponentProvider - Identified candidate component class: file [/Users/monimanager/programming/dev/springboot_webservice/build/classes/java/main/com/kimtaehyun84/springboot_webservice/Application.class]
16:14:54.461 [Test worker] INFO org.springframework.boot.test.context.SpringBootTestContextBootstrapper - Found @SpringBootConfiguration com.kimtaehyun84.springboot_webservice.Application for test class com.kimtaehyun84.springboot_webservice.web.PostsApiControllerTest
16:14:54.539 [Test worker] DEBUG org.springframework.boot.test.context.SpringBootTestContextBootstrapper - @TestExecutionListeners is not present for class [com.kimtaehyun84.springboot_webservice.web.PostsApiControllerTest]: using defaults.
16:14:54.539 [Test worker] INFO org.springframework.boot.test.context.SpringBootTestContextBootstrapper - Loaded default TestExecutionListener class names from location [META-INF/spring.factories]: [org.springframework.security.test.context.support.WithSecurityContextTestExecutionListener, org.springframework.security.test.context.support.ReactorContextTestExecutionListener, org.springframework.boot.test.autoconfigure.restdocs.RestDocsTestExecutionListener, org.springframework.boot.test.autoconfigure.web.client.MockRestServiceServerResetTestExecutionListener, org.springframework.boot.test.autoconfigure.web.servlet.MockMvcPrintOnlyOnFailureTestExecutionListener, org.springframework.boot.test.autoconfigure.web.servlet.WebDriverTestExecutionListener, org.springframework.boot.test.mock.mockito.MockitoTestExecutionListener, org.springframework.boot.test.mock.mockito.ResetMocksTestExecutionListener, org.springframework.test.context.web.ServletTestExecutionListener, org.springframework.test.context.support.DirtiesContextBeforeModesTestExecutionListener, org.springframework.test.context.support.DependencyInjectionTestExecutionListener, org.springframework.test.context.support.DirtiesContextTestExecutionListener, org.springframework.test.context.transaction.TransactionalTestExecutionListener, org.springframework.test.context.jdbc.SqlScriptsTestExecutionListener]
16:14:54.552 [Test worker] INFO org.springframework.boot.test.context.SpringBootTestContextBootstrapper - Using TestExecutionListeners: [org.springframework.test.context.web.ServletTestExecutionListener@1abf4ef4, org.springframework.test.context.support.DirtiesContextBeforeModesTestExecutionListener@44ca806a, org.springframework.boot.test.mock.mockito.MockitoTestExecutionListener@3173ea04, org.springframework.boot.test.autoconfigure.SpringBootDependencyInjectionTestExecutionListener@632e33b9, org.springframework.test.context.support.DirtiesContextTestExecutionListener@30609c6, org.springframework.test.context.transaction.TransactionalTestExecutionListener@13df101c, org.springframework.test.context.jdbc.SqlScriptsTestExecutionListener@3d52fba9, org.springframework.security.test.context.support.WithSecurityContextTestExecutionListener@2f73a441, org.springframework.security.test.context.support.ReactorContextTestExecutionListener@1c08d050, org.springframework.boot.test.autoconfigure.restdocs.RestDocsTestExecutionListener@77bc7c3d, org.springframework.boot.test.autoconfigure.web.client.MockRestServiceServerResetTestExecutionListener@5d195ed0, org.springframework.boot.test.autoconfigure.web.servlet.MockMvcPrintOnlyOnFailureTestExecutionListener@6ffab89e, org.springframework.boot.test.autoconfigure.web.servlet.WebDriverTestExecutionListener@352a6f61, org.springframework.boot.test.mock.mockito.ResetMocksTestExecutionListener@2163a06d]
16:14:54.554 [Test worker] DEBUG org.springframework.test.annotation.ProfileValueUtils - Retrieved @ProfileValueSourceConfiguration [null] for test class [com.kimtaehyun84.springboot_webservice.web.PostsApiControllerTest]
16:14:54.554 [Test worker] DEBUG org.springframework.test.annotation.ProfileValueUtils - Retrieved ProfileValueSource type [class org.springframework.test.annotation.SystemProfileValueSource] for class [com.kimtaehyun84.springboot_webservice.web.PostsApiControllerTest]
16:14:54.555 [Test worker] DEBUG org.springframework.test.annotation.ProfileValueUtils - Retrieved @ProfileValueSourceConfiguration [null] for test class [com.kimtaehyun84.springboot_webservice.web.PostsApiControllerTest]
16:14:54.555 [Test worker] DEBUG org.springframework.test.annotation.ProfileValueUtils - Retrieved ProfileValueSource type [class org.springframework.test.annotation.SystemProfileValueSource] for class [com.kimtaehyun84.springboot_webservice.web.PostsApiControllerTest]
16:14:54.558 [Test worker] DEBUG org.springframework.test.context.support.AbstractDirtiesContextTestExecutionListener - Before test class: context [DefaultTestContext@34b64a15 testClass = PostsApiControllerTest, testInstance = [null], testMethod = [null], testException = [null], mergedContextConfiguration = [WebMergedContextConfiguration@2b03c7a4 testClass = PostsApiControllerTest, locations = '{}', classes = '{class com.kimtaehyun84.springboot_webservice.Application}', contextInitializerClasses = '[]', activeProfiles = '{}', propertySourceLocations = '{}', propertySourceProperties = '{org.springframework.boot.test.context.SpringBootTestContextBootstrapper=true, server.port=0}', contextCustomizers = set[org.springframework.boot.test.autoconfigure.properties.PropertyMappingContextCustomizer@0, org.springframework.boot.test.autoconfigure.web.servlet.WebDriverContextCustomizerFactory$Customizer@385917f9, org.springframework.boot.test.context.filter.ExcludeFilterContextCustomizer@1ce9034e, org.springframework.boot.test.json.DuplicateJsonObjectContextCustomizerFactory$DuplicateJsonObjectContextCustomizer@6527b533, org.springframework.boot.test.mock.mockito.MockitoContextCustomizer@0, org.springframework.boot.test.web.client.TestRestTemplateContextCustomizer@5abe9fcc], resourceBasePath = 'src/main/webapp', contextLoader = 'org.springframework.boot.test.context.SpringBootContextLoader', parent = [null]], attributes = map['org.springframework.test.context.web.ServletTestExecutionListener.activateListener' -> false]], class annotated with @DirtiesContext [false] with mode [null].
16:14:54.559 [Test worker] DEBUG org.springframework.test.annotation.ProfileValueUtils - Retrieved @ProfileValueSourceConfiguration [null] for test class [com.kimtaehyun84.springboot_webservice.web.PostsApiControllerTest]
16:14:54.559 [Test worker] DEBUG org.springframework.test.annotation.ProfileValueUtils - Retrieved ProfileValueSource type [class org.springframework.test.annotation.SystemProfileValueSource] for class [com.kimtaehyun84.springboot_webservice.web.PostsApiControllerTest]
16:14:54.562 [Test worker] DEBUG org.springframework.test.context.support.DependencyInjectionTestExecutionListener - Performing dependency injection for test context [[DefaultTestContext@34b64a15 testClass = PostsApiControllerTest, testInstance = com.kimtaehyun84.springboot_webservice.web.PostsApiControllerTest@54ca8d4a, testMethod = [null], testException = [null], mergedContextConfiguration = [WebMergedContextConfiguration@2b03c7a4 testClass = PostsApiControllerTest, locations = '{}', classes = '{class com.kimtaehyun84.springboot_webservice.Application}', contextInitializerClasses = '[]', activeProfiles = '{}', propertySourceLocations = '{}', propertySourceProperties = '{org.springframework.boot.test.context.SpringBootTestContextBootstrapper=true, server.port=0}', contextCustomizers = set[org.springframework.boot.test.autoconfigure.properties.PropertyMappingContextCustomizer@0, org.springframework.boot.test.autoconfigure.web.servlet.WebDriverContextCustomizerFactory$Customizer@385917f9, org.springframework.boot.test.context.filter.ExcludeFilterContextCustomizer@1ce9034e, org.springframework.boot.test.json.DuplicateJsonObjectContextCustomizerFactory$DuplicateJsonObjectContextCustomizer@6527b533, org.springframework.boot.test.mock.mockito.MockitoContextCustomizer@0, org.springframework.boot.test.web.client.TestRestTemplateContextCustomizer@5abe9fcc], resourceBasePath = 'src/main/webapp', contextLoader = 'org.springframework.boot.test.context.SpringBootContextLoader', parent = [null]], attributes = map['org.springframework.test.context.web.ServletTestExecutionListener.activateListener' -> false]]].
16:14:54.575 [Test worker] DEBUG org.springframework.test.context.support.TestPropertySourceUtils - Adding inlined properties to environment: {spring.jmx.enabled=false, org.springframework.boot.test.context.SpringBootTestContextBootstrapper=true, server.port=0}

  .   ____          _            __ _ _
 /\\ / ___'_ __ _ _(_)_ __  __ _ \ \ \ \
( ( )\___ | '_ | '_| | '_ \/ _` | \ \ \ \
 \\/  ___)| |_)| | | | | || (_| |  ) ) ) )
  '  |____| .__|_| |_|_| |_\__, | / / / /
 =========|_|==============|___/=/_/_/_/
 :: Spring Boot ::        (v2.1.7.RELEASE)

2021-02-24 16:15:09.767  INFO 69891 --- [    Test worker] c.k.s.web.PostsApiControllerTest         : Starting PostsApiControllerTest on monimanagerui-MacBookPro.local with PID 69891 (started by monimanager in /Users/monimanager/programming/dev/springboot_webservice)
2021-02-24 16:15:09.769  INFO 69891 --- [    Test worker] c.k.s.web.PostsApiControllerTest         : The following profiles are active: oauth
2021-02-24 16:15:10.327  INFO 69891 --- [    Test worker] .s.d.r.c.RepositoryConfigurationDelegate : Bootstrapping Spring Data repositories in DEFAULT mode.
2021-02-24 16:15:10.383  INFO 69891 --- [    Test worker] .s.d.r.c.RepositoryConfigurationDelegate : Finished Spring Data repository scanning in 49ms. Found 2 repository interfaces.
2021-02-24 16:15:10.791  INFO 69891 --- [    Test worker] trationDelegate$BeanPostProcessorChecker : Bean 'org.springframework.transaction.annotation.ProxyTransactionManagementConfiguration' of type [org.springframework.transaction.annotation.ProxyTransactionManagementConfiguration$$EnhancerBySpringCGLIB$$26fbaa56] is not eligible for getting processed by all BeanPostProcessors (for example: not eligible for auto-proxying)
2021-02-24 16:15:11.116  INFO 69891 --- [    Test worker] o.s.b.w.embedded.tomcat.TomcatWebServer  : Tomcat initialized with port(s): 0 (http)
2021-02-24 16:15:11.138  INFO 69891 --- [    Test worker] o.apache.catalina.core.StandardService   : Starting service [Tomcat]
2021-02-24 16:15:11.139  INFO 69891 --- [    Test worker] org.apache.catalina.core.StandardEngine  : Starting Servlet engine: [Apache Tomcat/9.0.22]
2021-02-24 16:15:11.224  INFO 69891 --- [    Test worker] o.a.c.c.C.[Tomcat].[localhost].[/]       : Initializing Spring embedded WebApplicationContext
2021-02-24 16:15:11.225  INFO 69891 --- [    Test worker] o.s.web.context.ContextLoader            : Root WebApplicationContext: initialization completed in 1441 ms
2021-02-24 16:15:11.449  INFO 69891 --- [    Test worker] com.zaxxer.hikari.HikariDataSource       : HikariPool-1 - Starting...
2021-02-24 16:15:11.608  INFO 69891 --- [    Test worker] com.zaxxer.hikari.HikariDataSource       : HikariPool-1 - Start completed.
2021-02-24 16:15:11.698  INFO 69891 --- [    Test worker] o.hibernate.jpa.internal.util.LogHelper  : HHH000204: Processing PersistenceUnitInfo [
	name: default
	...]
2021-02-24 16:15:11.768  INFO 69891 --- [    Test worker] org.hibernate.Version                    : HHH000412: Hibernate Core {5.3.10.Final}
2021-02-24 16:15:11.770  INFO 69891 --- [    Test worker] org.hibernate.cfg.Environment            : HHH000206: hibernate.properties not found
2021-02-24 16:15:11.894  INFO 69891 --- [    Test worker] o.hibernate.annotations.common.Version   : HCANN000001: Hibernate Commons Annotations {5.0.4.Final}
2021-02-24 16:15:12.014  INFO 69891 --- [    Test worker] org.hibernate.dialect.Dialect            : HHH000400: Using dialect: org.hibernate.dialect.MySQL5InnoDBDialect
Hibernate: drop table if exists posts
Hibernate: drop table if exists user
Hibernate: create table posts (id bigint not null auto_increment, create_date datetime, modified_date datetime, author varchar(255), content TEXT not null, title varchar(500) not null, primary key (id)) engine=InnoDB
Hibernate: create table user (id bigint not null auto_increment, create_date datetime, modified_date datetime, email varchar(255) not null, name varchar(255) not null, picture varchar(255), role varchar(255) not null, primary key (id)) engine=InnoDB
2021-02-24 16:15:12.639  INFO 69891 --- [    Test worker] o.h.t.schema.internal.SchemaCreatorImpl  : HHH000476: Executing import script 'org.hibernate.tool.schema.internal.exec.ScriptSourceInputNonExistentImpl@6ae6c4a8'
2021-02-24 16:15:12.641  INFO 69891 --- [    Test worker] j.LocalContainerEntityManagerFactoryBean : Initialized JPA EntityManagerFactory for persistence unit 'default'
2021-02-24 16:15:13.284  INFO 69891 --- [    Test worker] o.h.h.i.QueryTranslatorFactoryInitiator  : HHH000397: Using ASTQueryTranslatorFactory
2021-02-24 16:15:13.669  INFO 69891 --- [    Test worker] o.s.s.web.DefaultSecurityFilterChain     : Creating filter chain: any request, [org.springframework.security.web.context.request.async.WebAsyncManagerIntegrationFilter@69cb3f4a, org.springframework.security.web.context.SecurityContextPersistenceFilter@6fa90450, org.springframework.security.web.header.HeaderWriterFilter@1ed84845, org.springframework.security.web.authentication.logout.LogoutFilter@242e563c, org.springframework.security.oauth2.client.web.OAuth2AuthorizationRequestRedirectFilter@4761dc04, org.springframework.security.oauth2.client.web.OAuth2LoginAuthenticationFilter@4dfc34ee, org.springframework.security.web.authentication.ui.DefaultLoginPageGeneratingFilter@68ceb1a6, org.springframework.security.web.authentication.ui.DefaultLogoutPageGeneratingFilter@7acd0a0f, org.springframework.security.web.savedrequest.RequestCacheAwareFilter@5e2e0ade, org.springframework.security.web.servletapi.SecurityContextHolderAwareRequestFilter@76440255, org.springframework.security.web.authentication.AnonymousAuthenticationFilter@571ea93b, org.springframework.security.web.session.SessionManagementFilter@2904968f, org.springframework.security.web.access.ExceptionTranslationFilter@1b960df3, org.springframework.security.web.access.intercept.FilterSecurityInterceptor@3541ba46]
2021-02-24 16:15:13.963  INFO 69891 --- [    Test worker] o.s.s.concurrent.ThreadPoolTaskExecutor  : Initializing ExecutorService 'applicationTaskExecutor'
2021-02-24 16:15:14.014  WARN 69891 --- [    Test worker] aWebConfiguration$JpaWebMvcConfiguration : spring.jpa.open-in-view is enabled by default. Therefore, database queries may be performed during view rendering. Explicitly configure spring.jpa.open-in-view to disable this warning
2021-02-24 16:15:14.056  INFO 69891 --- [    Test worker] o.s.b.a.w.s.WelcomePageHandlerMapping    : Adding welcome page template: index
2021-02-24 16:15:14.381  INFO 69891 --- [    Test worker] s.a.ScheduledAnnotationBeanPostProcessor : No TaskScheduler/ScheduledExecutorService bean found for scheduled processing
2021-02-24 16:15:14.404  INFO 69891 --- [    Test worker] o.s.b.w.embedded.tomcat.TomcatWebServer  : Tomcat started on port(s): 57565 (http) with context path ''
2021-02-24 16:15:14.406  INFO 69891 --- [    Test worker] c.k.s.web.PostsApiControllerTest         : Started PostsApiControllerTest in 19.83 seconds (JVM running for 20.535)
2021-02-24 16:15:14.465  INFO 69891 --- [    Test worker] o.a.c.c.C.[Tomcat].[localhost].[/]       : Initializing Spring TestDispatcherServlet ''
2021-02-24 16:15:14.466  INFO 69891 --- [    Test worker] o.s.t.web.servlet.TestDispatcherServlet  : Initializing Servlet ''
2021-02-24 16:15:14.482  INFO 69891 --- [    Test worker] o.s.t.web.servlet.TestDispatcherServlet  : Completed initialization in 16 ms
Hibernate: insert into posts (create_date, modified_date, author, content, title) values (?, ?, ?, ?, ?)
Hibernate: select posts0_.id as id1_0_0_, posts0_.create_date as create_d2_0_0_, posts0_.modified_date as modified3_0_0_, posts0_.author as author4_0_0_, posts0_.content as content5_0_0_, posts0_.title as title6_0_0_ from posts posts0_ where posts0_.id=?
Hibernate: update posts set create_date=?, modified_date=?, author=?, content=?, title=? where id=?
Hibernate: select posts0_.id as id1_0_, posts0_.create_date as create_d2_0_, posts0_.modified_date as modified3_0_, posts0_.author as author4_0_, posts0_.content as content5_0_, posts0_.title as title6_0_ from posts posts0_
Hibernate: select posts0_.id as id1_0_, posts0_.create_date as create_d2_0_, posts0_.modified_date as modified3_0_, posts0_.author as author4_0_, posts0_.content as content5_0_, posts0_.title as title6_0_ from posts posts0_
Hibernate: delete from posts where id=?
2021-02-24 16:15:14.789  INFO 69891 --- [    Test worker] o.a.c.c.C.[Tomcat].[localhost].[/]       : Initializing Spring TestDispatcherServlet ''
2021-02-24 16:15:14.789  INFO 69891 --- [    Test worker] o.s.t.web.servlet.TestDispatcherServlet  : Initializing Servlet ''
2021-02-24 16:15:14.791  INFO 69891 --- [    Test worker] o.s.t.web.servlet.TestDispatcherServlet  : Completed initialization in 2 ms
Hibernate: insert into posts (create_date, modified_date, author, content, title) values (?, ?, ?, ?, ?)
Hibernate: select posts0_.id as id1_0_, posts0_.create_date as create_d2_0_, posts0_.modified_date as modified3_0_, posts0_.author as author4_0_, posts0_.content as content5_0_, posts0_.title as title6_0_ from posts posts0_
Hibernate: select posts0_.id as id1_0_, posts0_.create_date as create_d2_0_, posts0_.modified_date as modified3_0_, posts0_.author as author4_0_, posts0_.content as content5_0_, posts0_.title as title6_0_ from posts posts0_
Hibernate: delete from posts where id=?
]]></system-out>
  <system-err><![CDATA[]]></system-err>
</testsuite>
