<?xml version="1.0" encoding="UTF-8"?>
<testsuite name="com.kimtaehyun84.springboot_webservice.web.dto.HelloResponseDtoTest" tests="1" skipped="0" failures="0" errors="0" timestamp="2021-02-24T07:15:14" hostname="monimanagerui-MacBookPro.local" time="0.002">
  <properties/>
  <testcase name="testLombok" classname="com.kimtaehyun84.springboot_webservice.web.dto.HelloResponseDtoTest" time="0.002"/>
  <system-out><![CDATA[]]></system-out>
  <system-err><![CDATA[]]></system-err>
</testsuite>
